Using pre-set license
Built from '2020.3/staging' branch; Version is '2020.3.5f1 (8095aa901b9b) revision 8426922'; Using compiler version '192528614'; Build Type 'Release'
OS: 'Windows 10 Pro; OS build 19042.928; Version 2009; 64bit' Language: 'ru' Physical Memory: 12271 MB
BatchMode: 1, IsHumanControllingUs: 0, StartBugReporterOnCrash: 0, Is64bit: 1, IsPro: 0

 COMMAND LINE ARGUMENTS:
C:\Program Files\Unity\Hub\Editor\2020.3.5f1\Editor\Unity.exe
-adb2
-batchMode
-noUpm
-name
AssetImportWorker0
-projectPath
C:/Users/Ермашов/Desktop/GitHub/Lesson2
-logFile
Logs/AssetImportWorker0.log
-srvPort
59770
Successfully changed project path to: C:/Users/Ермашов/Desktop/GitHub/Lesson2
C:/Users/Ермашов/Desktop/GitHub/Lesson2
Using Asset Import Pipeline V2.
Refreshing native plugins compatible for Editor in 65.60 ms, found 0 plugins.
Preloading 0 native plugins for Editor in 0.00 ms.
Initialize engine version: 2020.3.5f1 (8095aa901b9b)
[Subsystems] Discovering subsystems at path C:/Program Files/Unity/Hub/Editor/2020.3.5f1/Editor/Data/Resources/UnitySubsystems
[Subsystems] Discovering subsystems at path C:/Users/Ермашов/Desktop/GitHub/Lesson2/Assets
GfxDevice: creating device client; threaded=0
Direct3D:
    Version:  Direct3D 11.0 [level 11.0]
    Renderer: AMD Radeon HD 6800 Series (ID=0x6738)
    Vendor:   
    VRAM:     1011 MB
    Driver:   15.301.1901.0
Initialize mono
Mono path[0] = 'C:/Program Files/Unity/Hub/Editor/2020.3.5f1/Editor/Data/Managed'
Mono path[1] = 'C:/Program Files/Unity/Hub/Editor/2020.3.5f1/Editor/Data/MonoBleedingEdge/lib/mono/unityjit'
Mono config path = 'C:/Program Files/Unity/Hub/Editor/2020.3.5f1/Editor/Data/MonoBleedingEdge/etc'
Using monoOptions --debugger-agent=transport=dt_socket,embedding=1,server=y,suspend=n,address=127.0.0.1:56320
Begin MonoManager ReloadAssembly
Registering precompiled unity dll's ...
Register platform support module: C:/Program Files/Unity/Hub/Editor/2020.3.5f1/Editor/Data/PlaybackEngines/WindowsStandaloneSupport/UnityEditor.WindowsStandalone.Extensions.dll
Registered in 0.005629 seconds.
Native extension for WindowsStandalone target not found
Refreshing native plugins compatible for Editor in 69.10 ms, found 0 plugins.
Preloading 0 native plugins for Editor in 0.00 ms.
Mono: successfully reloaded assembly
- Completed reload, in  2.798 seconds
Platform modules already initialized, skipping
Registering precompiled user dll's ...
Registered in 0.001390 seconds.
Begin MonoManager ReloadAssembly
Native extension for WindowsStandalone target not found
Refreshing native plugins compatible for Editor in 0.41 ms, found 0 plugins.
Preloading 0 native plugins for Editor in 0.00 ms.
Mono: successfully reloaded assembly
- Completed reload, in  1.958 seconds
Platform modules already initialized, skipping
========================================================================
Worker process is ready to serve import requests
Launched and connected shader compiler UnityShaderCompiler.exe after 0.10 seconds
Refreshing native plugins compatible for Editor in 0.91 ms, found 0 plugins.
Preloading 0 native plugins for Editor in 0.00 ms.
Unloading 1123 Unused Serialized files (Serialized files now loaded: 0)
System memory in use before: 59.5 MB.
System memory in use after: 59.5 MB.

Unloading 10 unused Assets to reduce memory usage. Loaded Objects now: 1574.
Total: 5.454500 ms (FindLiveObjects: 0.451800 ms CreateObjectMapping: 0.173400 ms MarkObjects: 4.540500 ms  DeleteObjects: 0.284600 ms)

========================================================================
Received Import Request.
  path: Assets/Material/New Material.mat
  artifactKey: Guid(df7bffa0833666f45a7dcf194796c84c) Importer(815301076,1909f56bfc062723c751e8b465ee728b)
Start importing Assets/Material/New Material.mat using Guid(df7bffa0833666f45a7dcf194796c84c) Importer(815301076,1909f56bfc062723c751e8b465ee728b)  -> (artifact id: 'af18e9f51d7adbf48ddad7231d2a152a') in 0.354218 seconds
  Import took 0.359770 seconds .

========================================================================
Received Import Request.
  Time since last request: 0.000653 seconds.
  path: Assets/Material/Terrain.mat
  artifactKey: Guid(f1608cc6bf4af9a44b7819fd1119a99e) Importer(815301076,1909f56bfc062723c751e8b465ee728b)
Start importing Assets/Material/Terrain.mat using Guid(f1608cc6bf4af9a44b7819fd1119a99e) Importer(815301076,1909f56bfc062723c751e8b465ee728b)  -> (artifact id: 'c63e51e83b39c4a29399634ff3bbe938') in 0.446825 seconds
  Import took 0.478104 seconds .

========================================================================
Received Prepare
Registering precompiled user dll's ...
Registered in 0.001668 seconds.
Begin MonoManager ReloadAssembly
Native extension for WindowsStandalone target not found
Refreshing native plugins compatible for Editor in 0.45 ms, found 0 plugins.
Preloading 0 native plugins for Editor in 0.00 ms.
Mono: successfully reloaded assembly
- Completed reload, in  1.973 seconds
Platform modules already initialized, skipping
Refreshing native plugins compatible for Editor in 0.38 ms, found 0 plugins.
Preloading 0 native plugins for Editor in 0.00 ms.
Unloading 1118 Unused Serialized files (Serialized files now loaded: 0)
System memory in use before: 62.7 MB.
System memory in use after: 62.8 MB.

Unloading 5 unused Assets to reduce memory usage. Loaded Objects now: 1617.
Total: 2.566900 ms (FindLiveObjects: 0.293200 ms CreateObjectMapping: 0.086100 ms MarkObjects: 2.109500 ms  DeleteObjects: 0.076100 ms)

AssetImportWorkerClient::OnTransportError - code=2 error=End of file
